<?xml version="1.0" encoding="UTF-8"?>
<!-- Generated by org.testng.reporters.JUnitReportReporter -->
<testsuite hostname="i-3567" failures="0" tests="7" name="com.douglas.testcases.searchTest" time="155.497" errors="0" timestamp="2024-07-31T18:10:23 IST" skipped="0">
  <testcase classname="com.douglas.testcases.searchTest" name="Step01_NavigetessToURL" time="6.700"/>
  <system-out/>
  <testcase classname="com.douglas.testcases.searchTest" name="Step02_HandlingCookies" time="3.199"/>
  <system-out/>
  <testcase classname="com.douglas.testcases.searchTest" name="Step03_ClikonParfum" time="6.413"/>
  <system-out/>
  <testcase classname="com.douglas.testcases.searchTest" name="Step03_viewHighlight" time="2.369"/>
  <system-out/>
  <testcase classname="com.douglas.testcases.searchTest" name="testWithExcelData" time="39.944"/>
  <system-out/>
  <testcase classname="com.douglas.testcases.searchTest" name="testWithExcelData" time="48.494"/>
  <system-out/>
  <testcase classname="com.douglas.testcases.searchTest" name="testWithExcelData" time="48.378"/>
  <system-out/>
</testsuite> <!-- com.douglas.testcases.searchTest -->
